<?xml version="1.0" encoding="UTF-8"?>
<testsuite name="com.cms.hello.login.signTest" tests="1" skipped="0" failures="0" errors="0" timestamp="2020-06-01T03:39:51" hostname="YingdeMacBook-Pro.local" time="0.002">
  <properties/>
  <testcase name="testlogin" classname="com.cms.hello.login.signTest" time="0.002"/>
  <system-out><![CDATA[]]></system-out>
  <system-err><![CDATA[]]></system-err>
</testsuite>
